Using pre-set license
Built from '2020.3/staging' branch; Version is '2020.3.23f1 (c5d91304a876) revision 12966163'; Using compiler version '192528614'; Build Type 'Release'
OS: 'Windows 10 Pro; OS build 19043.1415; Version 2009; 64bit' Language: 'en' Physical Memory: 3971 MB
BatchMode: 1, IsHumanControllingUs: 0, StartBugReporterOnCrash: 0, Is64bit: 1, IsPro: 0

COMMAND LINE ARGUMENTS:
C:\Program Files\Unity\Hub\Editor\2020.3.23f1\Editor\Unity.exe
-adb2
-batchMode
-noUpm
-name
AssetImportWorker0
-projectPath
D:/CS222/lab5
-logFile
Logs/AssetImportWorker0.log
-srvPort
54797
Successfully changed project path to: D:/CS222/lab5
D:/CS222/lab5
Using Asset Import Pipeline V2.
Refreshing native plugins compatible for Editor in 452.75 ms, found 2 plugins.
Preloading 0 native plugins for Editor in 0.00 ms.
Initialize engine version: 2020.3.23f1 (c5d91304a876)
[Subsystems] Discovering subsystems at path C:/Program Files/Unity/Hub/Editor/2020.3.23f1/Editor/Data/Resources/UnitySubsystems
[Subsystems] Discovering subsystems at path D:/CS222/lab5/Assets
GfxDevice: creating device client; threaded=0
Direct3D:
    Version:  Direct3D 11.0 [level 11.1]
    Renderer: NVIDIA GeForce MX230 (ID=0x1d11)
    Vendor:   
    VRAM:     1984 MB
    Driver:   30.0.14.7111
Initialize mono
Mono path[0] = 'C:/Program Files/Unity/Hub/Editor/2020.3.23f1/Editor/Data/Managed'
Mono path[1] = 'C:/Program Files/Unity/Hub/Editor/2020.3.23f1/Editor/Data/MonoBleedingEdge/lib/mono/unityjit'
Mono config path = 'C:/Program Files/Unity/Hub/Editor/2020.3.23f1/Editor/Data/MonoBleedingEdge/etc'
Using monoOptions --debugger-agent=transport=dt_socket,embedding=1,server=y,suspend=n,address=127.0.0.1:56204
Begin MonoManager ReloadAssembly
Registering precompiled unity dll's ...
Register platform support module: C:/Program Files/Unity/Hub/Editor/2020.3.23f1/Editor/Data/PlaybackEngines/WindowsStandaloneSupport/UnityEditor.WindowsStandalone.Extensions.dll
Registered in 0.006786 seconds.
Native extension for WindowsStandalone target not found
Refreshing native plugins compatible for Editor in 37.09 ms, found 2 plugins.
Preloading 0 native plugins for Editor in 0.00 ms.
Mono: successfully reloaded assembly
- Completed reload, in  0.704 seconds
Domain Reload Profiling:
	ReloadAssembly (704ms)
		BeginReloadAssembly (64ms)
			ExecutionOrderSort (0ms)
			DisableScriptedObjects (0ms)
			BackupInstance (0ms)
			ReleaseScriptingObjects (0ms)
			CreateAndSetChildDomain (1ms)
		EndReloadAssembly (551ms)
			LoadAssemblies (60ms)
			RebuildTransferFunctionScriptingTraits (0ms)
			SetupTypeCache (176ms)
			ReleaseScriptCaches (0ms)
			RebuildScriptCaches (37ms)
			SetupLoadedEditorAssemblies (213ms)
				LogAssemblyErrors (0ms)
				InitializePlatformSupportModulesInManaged (6ms)
				SetLoadedEditorAssemblies (0ms)
				RefreshPlugins (37ms)
				BeforeProcessingInitializeOnLoad (15ms)
				ProcessInitializeOnLoadAttributes (106ms)
				ProcessInitializeOnLoadMethodAttributes (49ms)
				AfterProcessingInitializeOnLoad (0ms)
				EditorAssembliesLoaded (0ms)
			ExecutionOrderSort2 (0ms)
			AwakeInstancesAfterBackupRestoration (0ms)
Platform modules already initialized, skipping
Registering precompiled user dll's ...
Registered in 0.092629 seconds.
Begin MonoManager ReloadAssembly
Native extension for WindowsStandalone target not found
Refreshing native plugins compatible for Editor in 0.50 ms, found 2 plugins.
Preloading 0 native plugins for Editor in 0.00 ms.
Mono: successfully reloaded assembly
- Completed reload, in  2.770 seconds
Domain Reload Profiling:
	ReloadAssembly (2785ms)
		BeginReloadAssembly (297ms)
			ExecutionOrderSort (0ms)
			DisableScriptedObjects (5ms)
			BackupInstance (0ms)
			ReleaseScriptingObjects (0ms)
			CreateAndSetChildDomain (62ms)
		EndReloadAssembly (2420ms)
			LoadAssemblies (949ms)
			RebuildTransferFunctionScriptingTraits (0ms)
			SetupTypeCache (354ms)
			ReleaseScriptCaches (1ms)
			RebuildScriptCaches (53ms)
			SetupLoadedEditorAssemblies (945ms)
				LogAssemblyErrors (0ms)
				InitializePlatformSupportModulesInManaged (5ms)
				SetLoadedEditorAssemblies (1ms)
				RefreshPlugins (1ms)
				BeforeProcessingInitializeOnLoad (98ms)
				ProcessInitializeOnLoadAttributes (212ms)
				ProcessInitializeOnLoadMethodAttributes (626ms)
				AfterProcessingInitializeOnLoad (4ms)
				EditorAssembliesLoaded (0ms)
			ExecutionOrderSort2 (0ms)
			AwakeInstancesAfterBackupRestoration (7ms)
Platform modules already initialized, skipping
========================================================================
Worker process is ready to serve import requests
Launched and connected shader compiler UnityShaderCompiler.exe after 0.11 seconds
Refreshing native plugins compatible for Editor in 0.60 ms, found 2 plugins.
Preloading 0 native plugins for Editor in 0.00 ms.
Unloading 1544 Unused Serialized files (Serialized files now loaded: 0)
System memory in use before: 69.6 MB.
System memory in use after: 69.7 MB.

Unloading 21 unused Assets to reduce memory usage. Loaded Objects now: 2000.
Total: 22.855600 ms (FindLiveObjects: 0.261200 ms CreateObjectMapping: 0.098800 ms MarkObjects: 20.767000 ms  DeleteObjects: 1.724900 ms)

AssetImportParameters requested are different than current active one (requested -> active):
  custom:framework-win-MediaFoundation: 216162199b28c13a410421893ffa2e32 -> 
  custom:video-decoder-ogg-theora: a1e56fd34408186e4bbccfd4996cb3dc -> 
  custom:container-muxer-webm: aa71ff27fc2769a1b78a27578f13a17b -> 
  custom:container-demuxer-webm: 4f35f7cbe854078d1ac9338744f61a02 -> 
  custom:container-demuxer-ogg: 62fdf1f143b41e24485cea50d1cbac27 -> 
  custom:video-encoder-webm-vp8: eb34c28f22e8b96e1ab97ce403110664 -> 
  custom:video-decoder-webm-vp8: 9c59270c3fd7afecdb556c50c9e8de78 -> 
  custom:audio-decoder-ogg-vorbis: bf7c407c2cedff20999df2af8eb42d56 -> 
  custom:audio-encoder-webm-vorbis: bf7c407c2cedff20999df2af8eb42d56 -> 
========================================================================
Received Import Request.
  path: Assets/BehaviorBricks/Editor
  artifactKey: Guid(cacb9c892da70bb4280c5e5364dd51cb) Importer(815301076,1909f56bfc062723c751e8b465ee728b)
Start importing Assets/BehaviorBricks/Editor using Guid(cacb9c892da70bb4280c5e5364dd51cb) Importer(815301076,1909f56bfc062723c751e8b465ee728b)  -> (artifact id: 'd37b2ec90564e663b3938b2ca6c9de02') in 0.031151 seconds 
  Import took 0.062601 seconds .

========================================================================
Received Prepare
Registering precompiled user dll's ...
Registered in 0.039751 seconds.
Begin MonoManager ReloadAssembly
Native extension for WindowsStandalone target not found
Refreshing native plugins compatible for Editor in 0.44 ms, found 2 plugins.
Preloading 0 native plugins for Editor in 0.00 ms.
Mono: successfully reloaded assembly
- Completed reload, in  1.615 seconds
Domain Reload Profiling:
	ReloadAssembly (1616ms)
		BeginReloadAssembly (126ms)
			ExecutionOrderSort (0ms)
			DisableScriptedObjects (5ms)
			BackupInstance (0ms)
			ReleaseScriptingObjects (0ms)
			CreateAndSetChildDomain (39ms)
		EndReloadAssembly (1427ms)
			LoadAssemblies (88ms)
			RebuildTransferFunctionScriptingTraits (0ms)
			SetupTypeCache (313ms)
			ReleaseScriptCaches (1ms)
			RebuildScriptCaches (48ms)
			SetupLoadedEditorAssemblies (862ms)
				LogAssemblyErrors (0ms)
				InitializePlatformSupportModulesInManaged (5ms)
				SetLoadedEditorAssemblies (1ms)
				RefreshPlugins (1ms)
				BeforeProcessingInitializeOnLoad (93ms)
				ProcessInitializeOnLoadAttributes (187ms)
				ProcessInitializeOnLoadMethodAttributes (572ms)
				AfterProcessingInitializeOnLoad (5ms)
				EditorAssembliesLoaded (0ms)
			ExecutionOrderSort2 (0ms)
			AwakeInstancesAfterBackupRestoration (7ms)
Platform modules already initialized, skipping
Refreshing native plugins compatible for Editor in 0.42 ms, found 2 plugins.
Preloading 0 native plugins for Editor in 0.00 ms.
Unloading 1538 Unused Serialized files (Serialized files now loaded: 0)
System memory in use before: 69.5 MB.
System memory in use after: 69.6 MB.

Unloading 16 unused Assets to reduce memory usage. Loaded Objects now: 2002.
Total: 3.573400 ms (FindLiveObjects: 0.182300 ms CreateObjectMapping: 0.050800 ms MarkObjects: 3.318500 ms  DeleteObjects: 0.020600 ms)

AssetImportParameters requested are different than current active one (requested -> active):
  custom:framework-win-MediaFoundation: 216162199b28c13a410421893ffa2e32 -> 
  custom:video-decoder-ogg-theora: a1e56fd34408186e4bbccfd4996cb3dc -> 
  custom:container-muxer-webm: aa71ff27fc2769a1b78a27578f13a17b -> 
  custom:container-demuxer-webm: 4f35f7cbe854078d1ac9338744f61a02 -> 
  custom:container-demuxer-ogg: 62fdf1f143b41e24485cea50d1cbac27 -> 
  custom:video-encoder-webm-vp8: eb34c28f22e8b96e1ab97ce403110664 -> 
  custom:video-decoder-webm-vp8: 9c59270c3fd7afecdb556c50c9e8de78 -> 
  custom:audio-decoder-ogg-vorbis: bf7c407c2cedff20999df2af8eb42d56 -> 
  custom:audio-encoder-webm-vorbis: bf7c407c2cedff20999df2af8eb42d56 -> 
========================================================================
Received Prepare
Registering precompiled user dll's ...
Registered in 0.045686 seconds.
Begin MonoManager ReloadAssembly
Native extension for WindowsStandalone target not found
Refreshing native plugins compatible for Editor in 0.52 ms, found 2 plugins.
Preloading 0 native plugins for Editor in 0.00 ms.
Mono: successfully reloaded assembly
- Completed reload, in  2.220 seconds
Domain Reload Profiling:
	ReloadAssembly (2261ms)
		BeginReloadAssembly (643ms)
			ExecutionOrderSort (0ms)
			DisableScriptedObjects (90ms)
			BackupInstance (0ms)
			ReleaseScriptingObjects (0ms)
			CreateAndSetChildDomain (271ms)
		EndReloadAssembly (1509ms)
			LoadAssemblies (103ms)
			RebuildTransferFunctionScriptingTraits (0ms)
			SetupTypeCache (355ms)
			ReleaseScriptCaches (1ms)
			RebuildScriptCaches (42ms)
			SetupLoadedEditorAssemblies (897ms)
				LogAssemblyErrors (0ms)
				InitializePlatformSupportModulesInManaged (8ms)
				SetLoadedEditorAssemblies (2ms)
				RefreshPlugins (1ms)
				BeforeProcessingInitializeOnLoad (98ms)
				ProcessInitializeOnLoadAttributes (226ms)
				ProcessInitializeOnLoadMethodAttributes (558ms)
				AfterProcessingInitializeOnLoad (5ms)
				EditorAssembliesLoaded (0ms)
			ExecutionOrderSort2 (0ms)
			AwakeInstancesAfterBackupRestoration (7ms)
Platform modules already initialized, skipping
Refreshing native plugins compatible for Editor in 1.11 ms, found 2 plugins.
Preloading 0 native plugins for Editor in 0.00 ms.
Unloading 1538 Unused Serialized files (Serialized files now loaded: 0)
System memory in use before: 69.5 MB.
System memory in use after: 69.6 MB.

Unloading 16 unused Assets to reduce memory usage. Loaded Objects now: 2004.
Total: 5.624100 ms (FindLiveObjects: 1.335500 ms CreateObjectMapping: 0.124900 ms MarkObjects: 4.102100 ms  DeleteObjects: 0.059900 ms)

AssetImportParameters requested are different than current active one (requested -> active):
  custom:framework-win-MediaFoundation: 216162199b28c13a410421893ffa2e32 -> 
  custom:video-decoder-ogg-theora: a1e56fd34408186e4bbccfd4996cb3dc -> 
  custom:container-muxer-webm: aa71ff27fc2769a1b78a27578f13a17b -> 
  custom:container-demuxer-webm: 4f35f7cbe854078d1ac9338744f61a02 -> 
  custom:container-demuxer-ogg: 62fdf1f143b41e24485cea50d1cbac27 -> 
  custom:video-encoder-webm-vp8: eb34c28f22e8b96e1ab97ce403110664 -> 
  custom:video-decoder-webm-vp8: 9c59270c3fd7afecdb556c50c9e8de78 -> 
  custom:audio-decoder-ogg-vorbis: bf7c407c2cedff20999df2af8eb42d56 -> 
  custom:audio-encoder-webm-vorbis: bf7c407c2cedff20999df2af8eb42d56 -> 
========================================================================
Received Import Request.
  Time since last request: 1572.359513 seconds.
  path: Assets/BehaviorBricks
  artifactKey: Guid(689df10912c8cb44abe5e069e82aa2db) Importer(815301076,1909f56bfc062723c751e8b465ee728b)
Start importing Assets/BehaviorBricks using Guid(689df10912c8cb44abe5e069e82aa2db) Importer(815301076,1909f56bfc062723c751e8b465ee728b)  -> (artifact id: 'c1fb9835517e55a92a6456ee5e0c8334') in 0.067702 seconds 
  Import took 0.079647 seconds .

========================================================================
Received Import Request.
  Time since last request: 7.540055 seconds.
  path: Assets/BehaviorBricks/Conditions/System
  artifactKey: Guid(330e50d8d69be5940a71439bf611a85c) Importer(815301076,1909f56bfc062723c751e8b465ee728b)
Start importing Assets/BehaviorBricks/Conditions/System using Guid(330e50d8d69be5940a71439bf611a85c) Importer(815301076,1909f56bfc062723c751e8b465ee728b)  -> (artifact id: '2429a85c96f0241aed4f2ab098810a34') in 0.024108 seconds 
  Import took 0.043218 seconds .

========================================================================
Received Import Request.
  Time since last request: 1.542000 seconds.
  path: Assets/BehaviorBricks/Conditions/System/Basic
  artifactKey: Guid(24cbfcd125931f04e9cf5dad85efbbcd) Importer(815301076,1909f56bfc062723c751e8b465ee728b)
Start importing Assets/BehaviorBricks/Conditions/System/Basic using Guid(24cbfcd125931f04e9cf5dad85efbbcd) Importer(815301076,1909f56bfc062723c751e8b465ee728b)  -> (artifact id: '14148110b7129a0e1492279de22ea954') in 0.018162 seconds 
  Import took 0.042815 seconds .

========================================================================
Received Import Request.
  Time since last request: 6.956518 seconds.
  path: Assets/BehaviorBricks/Actions/System
  artifactKey: Guid(aca92ebbea7694146a5ecc9bc6814b83) Importer(815301076,1909f56bfc062723c751e8b465ee728b)
Start importing Assets/BehaviorBricks/Actions/System using Guid(aca92ebbea7694146a5ecc9bc6814b83) Importer(815301076,1909f56bfc062723c751e8b465ee728b)  -> (artifact id: '9fa7ff8fcb68952b015a7d7d51e77804') in 0.015660 seconds 
  Import took 0.033100 seconds .

========================================================================
Received Import Request.
  Time since last request: 3.276298 seconds.
  path: Assets/BehaviorBricks/Actions/System/Animation
  artifactKey: Guid(58e3b5a67861caa4a9cf903f2b124196) Importer(815301076,1909f56bfc062723c751e8b465ee728b)
Start importing Assets/BehaviorBricks/Actions/System/Animation using Guid(58e3b5a67861caa4a9cf903f2b124196) Importer(815301076,1909f56bfc062723c751e8b465ee728b)  -> (artifact id: '837de2d641e5f5bc996c69eb174e34db') in 0.015133 seconds 
  Import took 0.034134 seconds .

========================================================================
Received Import Request.
  Time since last request: 10.559286 seconds.
  path: Assets/BehaviorBricks/Actions
  artifactKey: Guid(78fb23ff3d417734595026adeb7dc50f) Importer(815301076,1909f56bfc062723c751e8b465ee728b)
Start importing Assets/BehaviorBricks/Actions using Guid(78fb23ff3d417734595026adeb7dc50f) Importer(815301076,1909f56bfc062723c751e8b465ee728b)  -> (artifact id: 'af2e237c30965448fa5b2a0a19861df2') in 0.021776 seconds 
  Import took 0.025470 seconds .

========================================================================
Received Import Request.
  Time since last request: 7.694810 seconds.
  path: Assets/BehaviorBricks/Samples/ProgrammersQuickStartGuide
  artifactKey: Guid(08084a70b35b3874087eeadebc48f62d) Importer(815301076,1909f56bfc062723c751e8b465ee728b)
Start importing Assets/BehaviorBricks/Samples/ProgrammersQuickStartGuide using Guid(08084a70b35b3874087eeadebc48f62d) Importer(815301076,1909f56bfc062723c751e8b465ee728b)  -> (artifact id: '6712358f4008dfc98870e945e1dd890c') in 0.019588 seconds 
  Import took 0.041387 seconds .

========================================================================
Received Import Request.
  Time since last request: 1.530034 seconds.
  path: Assets/BehaviorBricks/Samples/ProgrammersQuickStartGuide/Done
  artifactKey: Guid(86bf5da98d70fc944bdaaf24c81be3d3) Importer(815301076,1909f56bfc062723c751e8b465ee728b)
Start importing Assets/BehaviorBricks/Samples/ProgrammersQuickStartGuide/Done using Guid(86bf5da98d70fc944bdaaf24c81be3d3) Importer(815301076,1909f56bfc062723c751e8b465ee728b)  -> (artifact id: '38ebca915bd9bbb48dc92d6b1e18e1c2') in 0.013725 seconds 
  Import took 0.098116 seconds .

========================================================================
Received Import Request.
  Time since last request: 0.000310 seconds.
  path: Assets/BehaviorBricks/Samples/ProgrammersQuickStartGuide/Done/DoneBullet.prefab
  artifactKey: Guid(5054610a218ed66468343c7d064e0a66) Importer(815301076,1909f56bfc062723c751e8b465ee728b)
Start importing Assets/BehaviorBricks/Samples/ProgrammersQuickStartGuide/Done/DoneBullet.prefab using Guid(5054610a218ed66468343c7d064e0a66) Importer(815301076,1909f56bfc062723c751e8b465ee728b)  -> (artifact id: '6e0afb1597dbc73d84c86408be577115') in 0.528377 seconds 
  Import took 0.532407 seconds .

========================================================================
Received Import Request.
  Time since last request: 548.420615 seconds.
  path: Assets/BehaviorBricks/ClickAndGo.asset
  artifactKey: Guid(84d4cd01d3cbce9419c4edc8cb291367) Importer(815301076,1909f56bfc062723c751e8b465ee728b)
Start importing Assets/BehaviorBricks/ClickAndGo.asset using Guid(84d4cd01d3cbce9419c4edc8cb291367) Importer(815301076,1909f56bfc062723c751e8b465ee728b) DeserializeNextElement: Viene otra cosa: EndElement. Terminamos -> (artifact id: 'dd05d6e12f1b8352118a329a17814411') in 0.255573 seconds 
  Import took 0.284399 seconds .

========================================================================
Received Import Request.
  Time since last request: 0.000360 seconds.
  path: Assets/BehaviorBricks/Wander.asset
  artifactKey: Guid(042c14e6b50b84d47bac3033b5ed3f88) Importer(815301076,1909f56bfc062723c751e8b465ee728b)
Start importing Assets/BehaviorBricks/Wander.asset using Guid(042c14e6b50b84d47bac3033b5ed3f88) Importer(815301076,1909f56bfc062723c751e8b465ee728b)  -> (artifact id: '7f1798d2e9df81b7d9a341c9cb448fa4') in 0.034267 seconds 
  Import took 0.082186 seconds .

========================================================================
Received Import Request.
  Time since last request: 47.144101 seconds.
  path: Assets/BehaviorBricks/blue.mat
  artifactKey: Guid(899a823b029b60e4d8b67c32797eca82) Importer(815301076,1909f56bfc062723c751e8b465ee728b)
Start importing Assets/BehaviorBricks/blue.mat using Guid(899a823b029b60e4d8b67c32797eca82) Importer(815301076,1909f56bfc062723c751e8b465ee728b)  -> (artifact id: '459153fc81854b84bfa7dc240690407e') in 0.175260 seconds 
  Import took 0.195846 seconds .

========================================================================
Received Import Request.
  Time since last request: 27.550480 seconds.
  path: Assets/BehaviorBricks/Green.mat
  artifactKey: Guid(234684af2d388a84bb13df1a2ff8c301) Importer(815301076,1909f56bfc062723c751e8b465ee728b)
Start importing Assets/BehaviorBricks/Green.mat using Guid(234684af2d388a84bb13df1a2ff8c301) Importer(815301076,1909f56bfc062723c751e8b465ee728b)  -> (artifact id: '5a23820a9207ab86c35a78abf2f19e79') in 0.026282 seconds 
  Import took 0.035321 seconds .

========================================================================
Received Import Request.
  Time since last request: 19.365739 seconds.
  path: Assets/BehaviorBricks/red.mat
  artifactKey: Guid(b6883f4f6595dbd42985501d8d272ade) Importer(815301076,1909f56bfc062723c751e8b465ee728b)
Start importing Assets/BehaviorBricks/red.mat using Guid(b6883f4f6595dbd42985501d8d272ade) Importer(815301076,1909f56bfc062723c751e8b465ee728b)  -> (artifact id: '71f8a6458f58d571612bdbe1358f23c4') in 0.150340 seconds 
  Import took 0.157664 seconds .

========================================================================
Received Import Request.
  Time since last request: 64.795007 seconds.
  path: Assets/BehaviorBricks/blue.mat
  artifactKey: Guid(899a823b029b60e4d8b67c32797eca82) Importer(815301076,1909f56bfc062723c751e8b465ee728b)
Start importing Assets/BehaviorBricks/blue.mat using Guid(899a823b029b60e4d8b67c32797eca82) Importer(815301076,1909f56bfc062723c751e8b465ee728b)  -> (artifact id: 'ac74d4a02bddb6ffa4c0ba3f7490e22c') in 0.041316 seconds 
  Import took 0.065504 seconds .

========================================================================
Received Import Request.
  Time since last request: 0.000351 seconds.
  path: Assets/BehaviorBricks/red.mat
  artifactKey: Guid(b6883f4f6595dbd42985501d8d272ade) Importer(815301076,1909f56bfc062723c751e8b465ee728b)
Start importing Assets/BehaviorBricks/red.mat using Guid(b6883f4f6595dbd42985501d8d272ade) Importer(815301076,1909f56bfc062723c751e8b465ee728b)  -> (artifact id: 'f90ac0dc1a10d099c4a9a41b8feb4d9c') in 0.056112 seconds 
  Import took 0.059572 seconds .

========================================================================
Received Import Request.
  Time since last request: 0.000299 seconds.
  path: Assets/BehaviorBricks/Green.mat
  artifactKey: Guid(234684af2d388a84bb13df1a2ff8c301) Importer(815301076,1909f56bfc062723c751e8b465ee728b)
Start importing Assets/BehaviorBricks/Green.mat using Guid(234684af2d388a84bb13df1a2ff8c301) Importer(815301076,1909f56bfc062723c751e8b465ee728b)  -> (artifact id: '7a8ff4f9faa3a7a2ca4dcb1f283dc0e4') in 0.060510 seconds 
  Import took 0.122882 seconds .

========================================================================
Received Prepare
Registering precompiled user dll's ...
Registered in 0.055068 seconds.
Begin MonoManager ReloadAssembly
Native extension for WindowsStandalone target not found
Refreshing native plugins compatible for Editor in 0.43 ms, found 2 plugins.
Preloading 0 native plugins for Editor in 0.00 ms.
Mono: successfully reloaded assembly
- Completed reload, in  2.286 seconds
Domain Reload Profiling:
	ReloadAssembly (2288ms)
		BeginReloadAssembly (420ms)
			ExecutionOrderSort (0ms)
			DisableScriptedObjects (10ms)
			BackupInstance (0ms)
			ReleaseScriptingObjects (0ms)
			CreateAndSetChildDomain (261ms)
		EndReloadAssembly (1766ms)
			LoadAssemblies (128ms)
			RebuildTransferFunctionScriptingTraits (0ms)
			SetupTypeCache (350ms)
			ReleaseScriptCaches (1ms)
			RebuildScriptCaches (54ms)
			SetupLoadedEditorAssemblies (1127ms)
				LogAssemblyErrors (0ms)
				InitializePlatformSupportModulesInManaged (5ms)
				SetLoadedEditorAssemblies (1ms)
				RefreshPlugins (0ms)
				BeforeProcessingInitializeOnLoad (170ms)
				ProcessInitializeOnLoadAttributes (195ms)
				ProcessInitializeOnLoadMethodAttributes (751ms)
				AfterProcessingInitializeOnLoad (5ms)
				EditorAssembliesLoaded (0ms)
			ExecutionOrderSort2 (0ms)
			AwakeInstancesAfterBackupRestoration (8ms)
Platform modules already initialized, skipping
Refreshing native plugins compatible for Editor in 0.46 ms, found 2 plugins.
Preloading 0 native plugins for Editor in 0.00 ms.
Unloading 1538 Unused Serialized files (Serialized files now loaded: 0)
System memory in use before: 73.2 MB.
System memory in use after: 73.3 MB.

Unloading 17 unused Assets to reduce memory usage. Loaded Objects now: 2048.
Total: 3.612600 ms (FindLiveObjects: 0.326200 ms CreateObjectMapping: 0.093900 ms MarkObjects: 3.162600 ms  DeleteObjects: 0.027500 ms)

AssetImportParameters requested are different than current active one (requested -> active):
  custom:framework-win-MediaFoundation: 216162199b28c13a410421893ffa2e32 -> 
  custom:video-decoder-ogg-theora: a1e56fd34408186e4bbccfd4996cb3dc -> 
  custom:container-muxer-webm: aa71ff27fc2769a1b78a27578f13a17b -> 
  custom:container-demuxer-webm: 4f35f7cbe854078d1ac9338744f61a02 -> 
  custom:container-demuxer-ogg: 62fdf1f143b41e24485cea50d1cbac27 -> 
  custom:video-encoder-webm-vp8: eb34c28f22e8b96e1ab97ce403110664 -> 
  custom:video-decoder-webm-vp8: 9c59270c3fd7afecdb556c50c9e8de78 -> 
  custom:audio-decoder-ogg-vorbis: bf7c407c2cedff20999df2af8eb42d56 -> 
  custom:audio-encoder-webm-vorbis: bf7c407c2cedff20999df2af8eb42d56 -> 
========================================================================
Received Import Request.
  Time since last request: 521.626511 seconds.
  path: Assets/Wander.asset
  artifactKey: Guid(7c789bf54a4fa754fa6527e8cfd193a6) Importer(815301076,1909f56bfc062723c751e8b465ee728b)
Start importing Assets/Wander.asset using Guid(7c789bf54a4fa754fa6527e8cfd193a6) Importer(815301076,1909f56bfc062723c751e8b465ee728b)  -> (artifact id: '7190233c9dc06462eaabeac7de54c8be') in 0.047787 seconds 
  Import took 0.051444 seconds .

========================================================================
Received Prepare
Registering precompiled user dll's ...
Registered in 0.249695 seconds.
Begin MonoManager ReloadAssembly
Native extension for WindowsStandalone target not found
Refreshing native plugins compatible for Editor in 0.65 ms, found 2 plugins.
Preloading 0 native plugins for Editor in 0.00 ms.
Mono: successfully reloaded assembly
- Completed reload, in  5.052 seconds
Domain Reload Profiling:
	ReloadAssembly (5076ms)
		BeginReloadAssembly (1000ms)
			ExecutionOrderSort (0ms)
			DisableScriptedObjects (134ms)
			BackupInstance (0ms)
			ReleaseScriptingObjects (1ms)
			CreateAndSetChildDomain (512ms)
		EndReloadAssembly (3882ms)
			LoadAssemblies (927ms)
			RebuildTransferFunctionScriptingTraits (0ms)
			SetupTypeCache (849ms)
			ReleaseScriptCaches (3ms)
			RebuildScriptCaches (109ms)
			SetupLoadedEditorAssemblies (1745ms)
				LogAssemblyErrors (0ms)
				InitializePlatformSupportModulesInManaged (18ms)
				SetLoadedEditorAssemblies (11ms)
				RefreshPlugins (1ms)
				BeforeProcessingInitializeOnLoad (196ms)
				ProcessInitializeOnLoadAttributes (425ms)
				ProcessInitializeOnLoadMethodAttributes (1083ms)
				AfterProcessingInitializeOnLoad (11ms)
				EditorAssembliesLoaded (0ms)
			ExecutionOrderSort2 (0ms)
			AwakeInstancesAfterBackupRestoration (15ms)
Platform modules already initialized, skipping
Refreshing native plugins compatible for Editor in 1.55 ms, found 2 plugins.
Preloading 0 native plugins for Editor in 0.00 ms.
Unloading 1538 Unused Serialized files (Serialized files now loaded: 0)
System memory in use before: 73.2 MB.
System memory in use after: 73.3 MB.

Unloading 16 unused Assets to reduce memory usage. Loaded Objects now: 2050.
Total: 20.407300 ms (FindLiveObjects: 0.315400 ms CreateObjectMapping: 0.096100 ms MarkObjects: 19.368800 ms  DeleteObjects: 0.623900 ms)

AssetImportParameters requested are different than current active one (requested -> active):
  custom:framework-win-MediaFoundation: 216162199b28c13a410421893ffa2e32 -> 
  custom:video-decoder-ogg-theora: a1e56fd34408186e4bbccfd4996cb3dc -> 
  custom:container-muxer-webm: aa71ff27fc2769a1b78a27578f13a17b -> 
  custom:container-demuxer-webm: 4f35f7cbe854078d1ac9338744f61a02 -> 
  custom:container-demuxer-ogg: 62fdf1f143b41e24485cea50d1cbac27 -> 
  custom:video-encoder-webm-vp8: eb34c28f22e8b96e1ab97ce403110664 -> 
  custom:video-decoder-webm-vp8: 9c59270c3fd7afecdb556c50c9e8de78 -> 
  custom:audio-decoder-ogg-vorbis: bf7c407c2cedff20999df2af8eb42d56 -> 
  custom:audio-encoder-webm-vorbis: bf7c407c2cedff20999df2af8eb42d56 -> 
========================================================================
Received Prepare
Registering precompiled user dll's ...
Registered in 0.009637 seconds.
Begin MonoManager ReloadAssembly
Native extension for WindowsStandalone target not found
Refreshing native plugins compatible for Editor in 0.60 ms, found 2 plugins.
Preloading 0 native plugins for Editor in 0.00 ms.
Mono: successfully reloaded assembly
- Completed reload, in  4.806 seconds
Domain Reload Profiling:
	ReloadAssembly (4808ms)
		BeginReloadAssembly (299ms)
			ExecutionOrderSort (0ms)
			DisableScriptedObjects (14ms)
			BackupInstance (0ms)
			ReleaseScriptingObjects (0ms)
			CreateAndSetChildDomain (105ms)
		EndReloadAssembly (4320ms)
			LoadAssemblies (267ms)
			RebuildTransferFunctionScriptingTraits (0ms)
			SetupTypeCache (899ms)
			ReleaseScriptCaches (2ms)
			RebuildScriptCaches (125ms)
			SetupLoadedEditorAssemblies (2753ms)
				LogAssemblyErrors (0ms)
				InitializePlatformSupportModulesInManaged (14ms)
				SetLoadedEditorAssemblies (1ms)
				RefreshPlugins (1ms)
				BeforeProcessingInitializeOnLoad (242ms)
				ProcessInitializeOnLoadAttributes (556ms)
				ProcessInitializeOnLoadMethodAttributes (1930ms)
				AfterProcessingInitializeOnLoad (8ms)
				EditorAssembliesLoaded (1ms)
			ExecutionOrderSort2 (0ms)
			AwakeInstancesAfterBackupRestoration (13ms)
Platform modules already initialized, skipping
Refreshing native plugins compatible for Editor in 0.99 ms, found 2 plugins.
Preloading 0 native plugins for Editor in 0.00 ms.
Unloading 1538 Unused Serialized files (Serialized files now loaded: 0)
System memory in use before: 73.2 MB.
System memory in use after: 73.3 MB.

Unloading 16 unused Assets to reduce memory usage. Loaded Objects now: 2052.
Total: 5.714400 ms (FindLiveObjects: 0.290800 ms CreateObjectMapping: 0.104400 ms MarkObjects: 5.286500 ms  DeleteObjects: 0.031100 ms)

AssetImportParameters requested are different than current active one (requested -> active):
  custom:framework-win-MediaFoundation: 216162199b28c13a410421893ffa2e32 -> 
  custom:video-decoder-ogg-theora: a1e56fd34408186e4bbccfd4996cb3dc -> 
  custom:container-muxer-webm: aa71ff27fc2769a1b78a27578f13a17b -> 
  custom:container-demuxer-webm: 4f35f7cbe854078d1ac9338744f61a02 -> 
  custom:container-demuxer-ogg: 62fdf1f143b41e24485cea50d1cbac27 -> 
  custom:video-encoder-webm-vp8: eb34c28f22e8b96e1ab97ce403110664 -> 
  custom:video-decoder-webm-vp8: 9c59270c3fd7afecdb556c50c9e8de78 -> 
  custom:audio-decoder-ogg-vorbis: bf7c407c2cedff20999df2af8eb42d56 -> 
  custom:audio-encoder-webm-vorbis: bf7c407c2cedff20999df2af8eb42d56 -> 
========================================================================
Received Prepare
Registering precompiled user dll's ...
Registered in 0.063515 seconds.
Begin MonoManager ReloadAssembly
Native extension for WindowsStandalone target not found
Refreshing native plugins compatible for Editor in 1.10 ms, found 2 plugins.
Preloading 0 native plugins for Editor in 0.00 ms.
Mono: successfully reloaded assembly
- Completed reload, in  5.178 seconds
Domain Reload Profiling:
	ReloadAssembly (5180ms)
		BeginReloadAssembly (560ms)
			ExecutionOrderSort (0ms)
			DisableScriptedObjects (31ms)
			BackupInstance (0ms)
			ReleaseScriptingObjects (0ms)
			CreateAndSetChildDomain (183ms)
		EndReloadAssembly (4312ms)
			LoadAssemblies (444ms)
			RebuildTransferFunctionScriptingTraits (0ms)
			SetupTypeCache (1384ms)
			ReleaseScriptCaches (5ms)
			RebuildScriptCaches (174ms)
			SetupLoadedEditorAssemblies (1904ms)
				LogAssemblyErrors (0ms)
				InitializePlatformSupportModulesInManaged (21ms)
				SetLoadedEditorAssemblies (1ms)
				RefreshPlugins (1ms)
				BeforeProcessingInitializeOnLoad (373ms)
				ProcessInitializeOnLoadAttributes (660ms)
				ProcessInitializeOnLoadMethodAttributes (840ms)
				AfterProcessingInitializeOnLoad (8ms)
				EditorAssembliesLoaded (0ms)
			ExecutionOrderSort2 (0ms)
			AwakeInstancesAfterBackupRestoration (10ms)
Platform modules already initialized, skipping
Refreshing native plugins compatible for Editor in 0.89 ms, found 2 plugins.
Preloading 0 native plugins for Editor in 0.00 ms.
Unloading 1538 Unused Serialized files (Serialized files now loaded: 0)
System memory in use before: 73.2 MB.
System memory in use after: 73.3 MB.

Unloading 16 unused Assets to reduce memory usage. Loaded Objects now: 2054.
Total: 6.944200 ms (FindLiveObjects: 0.272400 ms CreateObjectMapping: 0.106200 ms MarkObjects: 6.515200 ms  DeleteObjects: 0.048600 ms)

AssetImportParameters requested are different than current active one (requested -> active):
  custom:framework-win-MediaFoundation: 216162199b28c13a410421893ffa2e32 -> 
  custom:video-decoder-ogg-theora: a1e56fd34408186e4bbccfd4996cb3dc -> 
  custom:container-muxer-webm: aa71ff27fc2769a1b78a27578f13a17b -> 
  custom:container-demuxer-webm: 4f35f7cbe854078d1ac9338744f61a02 -> 
  custom:container-demuxer-ogg: 62fdf1f143b41e24485cea50d1cbac27 -> 
  custom:video-encoder-webm-vp8: eb34c28f22e8b96e1ab97ce403110664 -> 
  custom:video-decoder-webm-vp8: 9c59270c3fd7afecdb556c50c9e8de78 -> 
  custom:audio-decoder-ogg-vorbis: bf7c407c2cedff20999df2af8eb42d56 -> 
  custom:audio-encoder-webm-vorbis: bf7c407c2cedff20999df2af8eb42d56 -> 
========================================================================
Received Prepare
Registering precompiled user dll's ...
Registered in 0.022179 seconds.
Begin MonoManager ReloadAssembly
Native extension for WindowsStandalone target not found
Refreshing native plugins compatible for Editor in 0.48 ms, found 2 plugins.
Preloading 0 native plugins for Editor in 0.00 ms.
Mono: successfully reloaded assembly
- Completed reload, in  1.937 seconds
Domain Reload Profiling:
	ReloadAssembly (1938ms)
		BeginReloadAssembly (181ms)
			ExecutionOrderSort (0ms)
			DisableScriptedObjects (15ms)
			BackupInstance (0ms)
			ReleaseScriptingObjects (0ms)
			CreateAndSetChildDomain (57ms)
		EndReloadAssembly (1691ms)
			LoadAssemblies (107ms)
			RebuildTransferFunctionScriptingTraits (0ms)
			SetupTypeCache (291ms)
			ReleaseScriptCaches (1ms)
			RebuildScriptCaches (46ms)
			SetupLoadedEditorAssemblies (1152ms)
				LogAssemblyErrors (0ms)
				InitializePlatformSupportModulesInManaged (5ms)
				SetLoadedEditorAssemblies (1ms)
				RefreshPlugins (1ms)
				BeforeProcessingInitializeOnLoad (92ms)
				ProcessInitializeOnLoadAttributes (187ms)
				ProcessInitializeOnLoadMethodAttributes (860ms)
				AfterProcessingInitializeOnLoad (6ms)
				EditorAssembliesLoaded (0ms)
			ExecutionOrderSort2 (0ms)
			AwakeInstancesAfterBackupRestoration (7ms)
Platform modules already initialized, skipping
Refreshing native plugins compatible for Editor in 0.51 ms, found 2 plugins.
Preloading 0 native plugins for Editor in 0.00 ms.
Unloading 1538 Unused Serialized files (Serialized files now loaded: 0)
System memory in use before: 73.2 MB.
System memory in use after: 73.4 MB.

Unloading 16 unused Assets to reduce memory usage. Loaded Objects now: 2056.
Total: 4.314400 ms (FindLiveObjects: 0.184300 ms CreateObjectMapping: 0.063000 ms MarkObjects: 4.024200 ms  DeleteObjects: 0.041000 ms)

AssetImportParameters requested are different than current active one (requested -> active):
  custom:framework-win-MediaFoundation: 216162199b28c13a410421893ffa2e32 -> 
  custom:video-decoder-ogg-theora: a1e56fd34408186e4bbccfd4996cb3dc -> 
  custom:container-muxer-webm: aa71ff27fc2769a1b78a27578f13a17b -> 
  custom:container-demuxer-webm: 4f35f7cbe854078d1ac9338744f61a02 -> 
  custom:container-demuxer-ogg: 62fdf1f143b41e24485cea50d1cbac27 -> 
  custom:video-encoder-webm-vp8: eb34c28f22e8b96e1ab97ce403110664 -> 
  custom:video-decoder-webm-vp8: 9c59270c3fd7afecdb556c50c9e8de78 -> 
  custom:audio-decoder-ogg-vorbis: bf7c407c2cedff20999df2af8eb42d56 -> 
  custom:audio-encoder-webm-vorbis: bf7c407c2cedff20999df2af8eb42d56 -> 
========================================================================
Received Prepare
Registering precompiled user dll's ...
Registered in 0.088595 seconds.
Begin MonoManager ReloadAssembly
Native extension for WindowsStandalone target not found
Refreshing native plugins compatible for Editor in 0.95 ms, found 2 plugins.
Preloading 0 native plugins for Editor in 0.00 ms.
Mono: successfully reloaded assembly
- Completed reload, in  3.306 seconds
Domain Reload Profiling:
	ReloadAssembly (3308ms)
		BeginReloadAssembly (279ms)
			ExecutionOrderSort (0ms)
			DisableScriptedObjects (14ms)
			BackupInstance (0ms)
			ReleaseScriptingObjects (0ms)
			CreateAndSetChildDomain (108ms)
		EndReloadAssembly (2894ms)
			LoadAssemblies (204ms)
			RebuildTransferFunctionScriptingTraits (0ms)
			SetupTypeCache (640ms)
			ReleaseScriptCaches (4ms)
			RebuildScriptCaches (99ms)
			SetupLoadedEditorAssemblies (1730ms)
				LogAssemblyErrors (0ms)
				InitializePlatformSupportModulesInManaged (8ms)
				SetLoadedEditorAssemblies (1ms)
				RefreshPlugins (2ms)
				BeforeProcessingInitializeOnLoad (179ms)
				ProcessInitializeOnLoadAttributes (396ms)
				ProcessInitializeOnLoadMethodAttributes (1130ms)
				AfterProcessingInitializeOnLoad (11ms)
				EditorAssembliesLoaded (3ms)
			ExecutionOrderSort2 (0ms)
			AwakeInstancesAfterBackupRestoration (15ms)
Platform modules already initialized, skipping
Refreshing native plugins compatible for Editor in 1.25 ms, found 2 plugins.
Preloading 0 native plugins for Editor in 0.00 ms.
Unloading 1538 Unused Serialized files (Serialized files now loaded: 0)
System memory in use before: 73.2 MB.
System memory in use after: 73.4 MB.

Unloading 16 unused Assets to reduce memory usage. Loaded Objects now: 2058.
Total: 7.933700 ms (FindLiveObjects: 0.215400 ms CreateObjectMapping: 0.066600 ms MarkObjects: 7.622300 ms  DeleteObjects: 0.027600 ms)

AssetImportParameters requested are different than current active one (requested -> active):
  custom:framework-win-MediaFoundation: 216162199b28c13a410421893ffa2e32 -> 
  custom:video-decoder-ogg-theora: a1e56fd34408186e4bbccfd4996cb3dc -> 
  custom:container-muxer-webm: aa71ff27fc2769a1b78a27578f13a17b -> 
  custom:container-demuxer-webm: 4f35f7cbe854078d1ac9338744f61a02 -> 
  custom:container-demuxer-ogg: 62fdf1f143b41e24485cea50d1cbac27 -> 
  custom:video-encoder-webm-vp8: eb34c28f22e8b96e1ab97ce403110664 -> 
  custom:video-decoder-webm-vp8: 9c59270c3fd7afecdb556c50c9e8de78 -> 
  custom:audio-decoder-ogg-vorbis: bf7c407c2cedff20999df2af8eb42d56 -> 
  custom:audio-encoder-webm-vorbis: bf7c407c2cedff20999df2af8eb42d56 -> 
========================================================================
Received Prepare
Registering precompiled user dll's ...
Registered in 0.140579 seconds.
Begin MonoManager ReloadAssembly
Native extension for WindowsStandalone target not found
Refreshing native plugins compatible for Editor in 0.74 ms, found 2 plugins.
Preloading 0 native plugins for Editor in 0.00 ms.
Mono: successfully reloaded assembly
- Completed reload, in  5.231 seconds
Domain Reload Profiling:
	ReloadAssembly (5234ms)
		BeginReloadAssembly (431ms)
			ExecutionOrderSort (0ms)
			DisableScriptedObjects (29ms)
			BackupInstance (0ms)
			ReleaseScriptingObjects (0ms)
			CreateAndSetChildDomain (161ms)
		EndReloadAssembly (4561ms)
			LoadAssemblies (326ms)
			RebuildTransferFunctionScriptingTraits (0ms)
			SetupTypeCache (1206ms)
			ReleaseScriptCaches (1ms)
			RebuildScriptCaches (137ms)
			SetupLoadedEditorAssemblies (2574ms)
				LogAssemblyErrors (0ms)
				InitializePlatformSupportModulesInManaged (17ms)
				SetLoadedEditorAssemblies (2ms)
				RefreshPlugins (1ms)
				BeforeProcessingInitializeOnLoad (261ms)
				ProcessInitializeOnLoadAttributes (670ms)
				ProcessInitializeOnLoadMethodAttributes (1612ms)
				AfterProcessingInitializeOnLoad (12ms)
				EditorAssembliesLoaded (0ms)
			ExecutionOrderSort2 (0ms)
			AwakeInstancesAfterBackupRestoration (18ms)
Platform modules already initialized, skipping
Refreshing native plugins compatible for Editor in 0.86 ms, found 2 plugins.
Preloading 0 native plugins for Editor in 0.00 ms.
Unloading 1538 Unused Serialized files (Serialized files now loaded: 0)
System memory in use before: 73.3 MB.
System memory in use after: 73.4 MB.

Unloading 16 unused Assets to reduce memory usage. Loaded Objects now: 2060.
Total: 9.918600 ms (FindLiveObjects: 0.897000 ms CreateObjectMapping: 0.168000 ms MarkObjects: 8.340500 ms  DeleteObjects: 0.509900 ms)

AssetImportParameters requested are different than current active one (requested -> active):
  custom:framework-win-MediaFoundation: 216162199b28c13a410421893ffa2e32 -> 
  custom:video-decoder-ogg-theora: a1e56fd34408186e4bbccfd4996cb3dc -> 
  custom:container-muxer-webm: aa71ff27fc2769a1b78a27578f13a17b -> 
  custom:container-demuxer-webm: 4f35f7cbe854078d1ac9338744f61a02 -> 
  custom:container-demuxer-ogg: 62fdf1f143b41e24485cea50d1cbac27 -> 
  custom:video-encoder-webm-vp8: eb34c28f22e8b96e1ab97ce403110664 -> 
  custom:video-decoder-webm-vp8: 9c59270c3fd7afecdb556c50c9e8de78 -> 
  custom:audio-decoder-ogg-vorbis: bf7c407c2cedff20999df2af8eb42d56 -> 
  custom:audio-encoder-webm-vorbis: bf7c407c2cedff20999df2af8eb42d56 -> 
========================================================================
Received Import Request.
  Time since last request: 2327.195305 seconds.
  path: Assets/BehaviorBricks/Green.mat
  artifactKey: Guid(234684af2d388a84bb13df1a2ff8c301) Importer(815301076,1909f56bfc062723c751e8b465ee728b)
Start importing Assets/BehaviorBricks/Green.mat using Guid(234684af2d388a84bb13df1a2ff8c301) Importer(815301076,1909f56bfc062723c751e8b465ee728b)  -> (artifact id: '3c525da7b9b261885b1c98a7b8192667') in 0.502916 seconds 
  Import took 0.572593 seconds .

========================================================================
Received Import Request.
  Time since last request: 140.978928 seconds.
  path: Assets/BehaviorBricks/Wander.asset
  artifactKey: Guid(042c14e6b50b84d47bac3033b5ed3f88) Importer(815301076,1909f56bfc062723c751e8b465ee728b)
Start importing Assets/BehaviorBricks/Wander.asset using Guid(042c14e6b50b84d47bac3033b5ed3f88) Importer(815301076,1909f56bfc062723c751e8b465ee728b)  -> (artifact id: 'c64829e9f339bd3fb355714b1189d575') in 0.337792 seconds 
  Import took 0.371679 seconds .

========================================================================
Received Import Request.
  Time since last request: 410.246825 seconds.
  path: Assets/BehaviorBricks/Samples/QuickStartGuide/Done/Resources/Behaviors/DoneAbortableClickAndGo.asset
  artifactKey: Guid(94f7b8d9d503df647aec1b5cdce03b4b) Importer(815301076,1909f56bfc062723c751e8b465ee728b)
Start importing Assets/BehaviorBricks/Samples/QuickStartGuide/Done/Resources/Behaviors/DoneAbortableClickAndGo.asset using Guid(94f7b8d9d503df647aec1b5cdce03b4b) Importer(815301076,1909f56bfc062723c751e8b465ee728b) DeserializeNextElement: Viene otra cosa: EndElement. TerminamosDeserializeNextElement: Viene otra cosa: EndElement. Terminamos -> (artifact id: '56b459398bfc0425b4c6337f621bb0b6') in 0.169022 seconds 
  Import took 0.362589 seconds .

========================================================================
Received Import Request.
  Time since last request: 0.000474 seconds.
  path: Assets/BehaviorBricks/Samples/QuickStartGuide/Done/Resources/Behaviors/DoneWander.asset
  artifactKey: Guid(8adfddffa70852a45ba1b64354494e3c) Importer(815301076,1909f56bfc062723c751e8b465ee728b)
Start importing Assets/BehaviorBricks/Samples/QuickStartGuide/Done/Resources/Behaviors/DoneWander.asset using Guid(8adfddffa70852a45ba1b64354494e3c) Importer(815301076,1909f56bfc062723c751e8b465ee728b)  -> (artifact id: 'e8c56c322a7a2cc5b0546c8fd6a640b8') in 0.074475 seconds 
  Import took 0.149292 seconds .

========================================================================
Received Import Request.
  Time since last request: 0.000296 seconds.
  path: Assets/BehaviorBricks/Samples/QuickStartGuide/Done/Resources/Behaviors/DoneClickAndGo.asset
  artifactKey: Guid(6c77abc6244c7604a93f480b49b233c5) Importer(815301076,1909f56bfc062723c751e8b465ee728b)
Start importing Assets/BehaviorBricks/Samples/QuickStartGuide/Done/Resources/Behaviors/DoneClickAndGo.asset using Guid(6c77abc6244c7604a93f480b49b233c5) Importer(815301076,1909f56bfc062723c751e8b465ee728b) DeserializeNextElement: Viene otra cosa: EndElement. Terminamos -> (artifact id: '870e071277c451df9eaf3b65961c228d') in 0.108082 seconds 
  Import took 0.166806 seconds .

========================================================================
Received Import Request.
  Time since last request: 0.000383 seconds.
  path: Assets/BehaviorBricks/Samples/ProgrammersQuickStartGuide/Done/Resources/Behaviors/DoneEnemyBehavior.asset
  artifactKey: Guid(cefec543fe1d8774aa0b18d5ab374a84) Importer(815301076,1909f56bfc062723c751e8b465ee728b)
Start importing Assets/BehaviorBricks/Samples/ProgrammersQuickStartGuide/Done/Resources/Behaviors/DoneEnemyBehavior.asset using Guid(cefec543fe1d8774aa0b18d5ab374a84) Importer(815301076,1909f56bfc062723c751e8b465ee728b)  -> (artifact id: 'df1570a99f9c6e9b44f8cb17689c72e7') in 0.096092 seconds 
  Import took 0.104434 seconds .

========================================================================
Received Import Request.
  Time since last request: 0.000374 seconds.
  path: Assets/BehaviorBricks/Samples/QuickStartGuide/Done/Resources/Behaviors/DoneEnemyBehavior.asset
  artifactKey: Guid(972a8759c682b4f45a272c752a694d98) Importer(815301076,1909f56bfc062723c751e8b465ee728b)
Start importing Assets/BehaviorBricks/Samples/QuickStartGuide/Done/Resources/Behaviors/DoneEnemyBehavior.asset using Guid(972a8759c682b4f45a272c752a694d98) Importer(815301076,1909f56bfc062723c751e8b465ee728b) DeserializeNextElement: Viene otra cosa: EndElement. TerminamosDeserializeNextElement: Viene otra cosa: EndElement. Terminamos -> (artifact id: '4efb500d8fb16163e75673846bebace4') in 0.028251 seconds 
  Import took 0.078351 seconds .

========================================================================
Received Prepare
Registering precompiled user dll's ...
Registered in 0.063755 seconds.
Begin MonoManager ReloadAssembly
Native extension for WindowsStandalone target not found
Refreshing native plugins compatible for Editor in 1.63 ms, found 2 plugins.
Preloading 0 native plugins for Editor in 0.00 ms.
Mono: successfully reloaded assembly
- Completed reload, in  5.709 seconds
Domain Reload Profiling:
	ReloadAssembly (5721ms)
		BeginReloadAssembly (1425ms)
			ExecutionOrderSort (1ms)
			DisableScriptedObjects (117ms)
			BackupInstance (0ms)
			ReleaseScriptingObjects (0ms)
			CreateAndSetChildDomain (785ms)
		EndReloadAssembly (3991ms)
			LoadAssemblies (959ms)
			RebuildTransferFunctionScriptingTraits (1ms)
			SetupTypeCache (765ms)
			ReleaseScriptCaches (3ms)
			RebuildScriptCaches (103ms)
			SetupLoadedEditorAssemblies (1912ms)
				LogAssemblyErrors (0ms)
				InitializePlatformSupportModulesInManaged (19ms)
				SetLoadedEditorAssemblies (3ms)
				RefreshPlugins (2ms)
				BeforeProcessingInitializeOnLoad (226ms)
				ProcessInitializeOnLoadAttributes (450ms)
				ProcessInitializeOnLoadMethodAttributes (1204ms)
				AfterProcessingInitializeOnLoad (6ms)
				EditorAssembliesLoaded (3ms)
			ExecutionOrderSort2 (0ms)
			AwakeInstancesAfterBackupRestoration (21ms)
Platform modules already initialized, skipping
Refreshing native plugins compatible for Editor in 0.54 ms, found 2 plugins.
Preloading 0 native plugins for Editor in 0.00 ms.
Unloading 1538 Unused Serialized files (Serialized files now loaded: 0)
System memory in use before: 73.3 MB.
System memory in use after: 73.4 MB.

Unloading 16 unused Assets to reduce memory usage. Loaded Objects now: 2063.
Total: 26.674200 ms (FindLiveObjects: 0.225100 ms CreateObjectMapping: 0.072700 ms MarkObjects: 24.720100 ms  DeleteObjects: 1.652700 ms)

AssetImportParameters requested are different than current active one (requested -> active):
  custom:framework-win-MediaFoundation: 216162199b28c13a410421893ffa2e32 -> 
  custom:video-decoder-ogg-theora: a1e56fd34408186e4bbccfd4996cb3dc -> 
  custom:container-muxer-webm: aa71ff27fc2769a1b78a27578f13a17b -> 
  custom:container-demuxer-webm: 4f35f7cbe854078d1ac9338744f61a02 -> 
  custom:container-demuxer-ogg: 62fdf1f143b41e24485cea50d1cbac27 -> 
  custom:video-encoder-webm-vp8: eb34c28f22e8b96e1ab97ce403110664 -> 
  custom:video-decoder-webm-vp8: 9c59270c3fd7afecdb556c50c9e8de78 -> 
  custom:audio-decoder-ogg-vorbis: bf7c407c2cedff20999df2af8eb42d56 -> 
  custom:audio-encoder-webm-vorbis: bf7c407c2cedff20999df2af8eb42d56 -> 
========================================================================
Received Prepare
Registering precompiled user dll's ...
Registered in 0.123609 seconds.
Begin MonoManager ReloadAssembly
Native extension for WindowsStandalone target not found
Refreshing native plugins compatible for Editor in 0.42 ms, found 2 plugins.
Preloading 0 native plugins for Editor in 0.00 ms.
Mono: successfully reloaded assembly
- Completed reload, in  1.979 seconds
Domain Reload Profiling:
	ReloadAssembly (1980ms)
		BeginReloadAssembly (141ms)
			ExecutionOrderSort (0ms)
			DisableScriptedObjects (5ms)
			BackupInstance (0ms)
			ReleaseScriptingObjects (0ms)
			CreateAndSetChildDomain (48ms)
		EndReloadAssembly (1776ms)
			LoadAssemblies (94ms)
			RebuildTransferFunctionScriptingTraits (0ms)
			SetupTypeCache (313ms)
			ReleaseScriptCaches (1ms)
			RebuildScriptCaches (41ms)
			SetupLoadedEditorAssemblies (1224ms)
				LogAssemblyErrors (0ms)
				InitializePlatformSupportModulesInManaged (5ms)
				SetLoadedEditorAssemblies (1ms)
				RefreshPlugins (0ms)
				BeforeProcessingInitializeOnLoad (93ms)
				ProcessInitializeOnLoadAttributes (495ms)
				ProcessInitializeOnLoadMethodAttributes (625ms)
				AfterProcessingInitializeOnLoad (5ms)
				EditorAssembliesLoaded (0ms)
			ExecutionOrderSort2 (0ms)
			AwakeInstancesAfterBackupRestoration (7ms)
Platform modules already initialized, skipping
Refreshing native plugins compatible for Editor in 0.43 ms, found 2 plugins.
Preloading 0 native plugins for Editor in 0.00 ms.
Unloading 1538 Unused Serialized files (Serialized files now loaded: 0)
System memory in use before: 73.3 MB.
System memory in use after: 73.4 MB.

Unloading 16 unused Assets to reduce memory usage. Loaded Objects now: 2065.
Total: 4.046400 ms (FindLiveObjects: 0.277100 ms CreateObjectMapping: 0.121700 ms MarkObjects: 3.623000 ms  DeleteObjects: 0.023100 ms)

AssetImportParameters requested are different than current active one (requested -> active):
  custom:framework-win-MediaFoundation: 216162199b28c13a410421893ffa2e32 -> 
  custom:video-decoder-ogg-theora: a1e56fd34408186e4bbccfd4996cb3dc -> 
  custom:container-muxer-webm: aa71ff27fc2769a1b78a27578f13a17b -> 
  custom:container-demuxer-webm: 4f35f7cbe854078d1ac9338744f61a02 -> 
  custom:container-demuxer-ogg: 62fdf1f143b41e24485cea50d1cbac27 -> 
  custom:video-encoder-webm-vp8: eb34c28f22e8b96e1ab97ce403110664 -> 
  custom:video-decoder-webm-vp8: 9c59270c3fd7afecdb556c50c9e8de78 -> 
  custom:audio-decoder-ogg-vorbis: bf7c407c2cedff20999df2af8eb42d56 -> 
  custom:audio-encoder-webm-vorbis: bf7c407c2cedff20999df2af8eb42d56 -> 
========================================================================
Received Prepare
Registering precompiled user dll's ...
Registered in 0.038965 seconds.
Begin MonoManager ReloadAssembly
Native extension for WindowsStandalone target not found
Refreshing native plugins compatible for Editor in 2.27 ms, found 2 plugins.
Preloading 0 native plugins for Editor in 0.00 ms.
Mono: successfully reloaded assembly
- Completed reload, in  2.847 seconds
Domain Reload Profiling:
	ReloadAssembly (2848ms)
		BeginReloadAssembly (235ms)
			ExecutionOrderSort (0ms)
			DisableScriptedObjects (12ms)
			BackupInstance (0ms)
			ReleaseScriptingObjects (0ms)
			CreateAndSetChildDomain (81ms)
		EndReloadAssembly (2470ms)
			LoadAssemblies (195ms)
			RebuildTransferFunctionScriptingTraits (0ms)
			SetupTypeCache (617ms)
			ReleaseScriptCaches (1ms)
			RebuildScriptCaches (90ms)
			SetupLoadedEditorAssemblies (1394ms)
				LogAssemblyErrors (0ms)
				InitializePlatformSupportModulesInManaged (8ms)
				SetLoadedEditorAssemblies (1ms)
				RefreshPlugins (3ms)
				BeforeProcessingInitializeOnLoad (170ms)
				ProcessInitializeOnLoadAttributes (407ms)
				ProcessInitializeOnLoadMethodAttributes (800ms)
				AfterProcessingInitializeOnLoad (5ms)
				EditorAssembliesLoaded (0ms)
			ExecutionOrderSort2 (0ms)
			AwakeInstancesAfterBackupRestoration (7ms)
Platform modules already initialized, skipping
Refreshing native plugins compatible for Editor in 0.55 ms, found 2 plugins.
Preloading 0 native plugins for Editor in 0.00 ms.
Unloading 1538 Unused Serialized files (Serialized files now loaded: 0)
System memory in use before: 73.3 MB.
System memory in use after: 73.4 MB.

Unloading 16 unused Assets to reduce memory usage. Loaded Objects now: 2067.
Total: 3.783400 ms (FindLiveObjects: 0.183500 ms CreateObjectMapping: 0.055800 ms MarkObjects: 3.517100 ms  DeleteObjects: 0.025500 ms)

AssetImportParameters requested are different than current active one (requested -> active):
  custom:framework-win-MediaFoundation: 216162199b28c13a410421893ffa2e32 -> 
  custom:video-decoder-ogg-theora: a1e56fd34408186e4bbccfd4996cb3dc -> 
  custom:container-muxer-webm: aa71ff27fc2769a1b78a27578f13a17b -> 
  custom:container-demuxer-webm: 4f35f7cbe854078d1ac9338744f61a02 -> 
  custom:container-demuxer-ogg: 62fdf1f143b41e24485cea50d1cbac27 -> 
  custom:video-encoder-webm-vp8: eb34c28f22e8b96e1ab97ce403110664 -> 
  custom:video-decoder-webm-vp8: 9c59270c3fd7afecdb556c50c9e8de78 -> 
  custom:audio-decoder-ogg-vorbis: bf7c407c2cedff20999df2af8eb42d56 -> 
  custom:audio-encoder-webm-vorbis: bf7c407c2cedff20999df2af8eb42d56 -> 
========================================================================
Received Prepare
Registering precompiled user dll's ...
Registered in 0.045768 seconds.
Begin MonoManager ReloadAssembly
Native extension for WindowsStandalone target not found
Refreshing native plugins compatible for Editor in 1.18 ms, found 2 plugins.
Preloading 0 native plugins for Editor in 0.00 ms.
Mono: successfully reloaded assembly
- Completed reload, in  6.542 seconds
Domain Reload Profiling:
	ReloadAssembly (6591ms)
		BeginReloadAssembly (1182ms)
			ExecutionOrderSort (0ms)
			DisableScriptedObjects (146ms)
			BackupInstance (0ms)
			ReleaseScriptingObjects (5ms)
			CreateAndSetChildDomain (543ms)
		EndReloadAssembly (5029ms)
			LoadAssemblies (473ms)
			RebuildTransferFunctionScriptingTraits (1ms)
			SetupTypeCache (1291ms)
			ReleaseScriptCaches (2ms)
			RebuildScriptCaches (151ms)
			SetupLoadedEditorAssemblies (2754ms)
				LogAssemblyErrors (0ms)
				InitializePlatformSupportModulesInManaged (28ms)
				SetLoadedEditorAssemblies (14ms)
				RefreshPlugins (1ms)
				BeforeProcessingInitializeOnLoad (303ms)
				ProcessInitializeOnLoadAttributes (692ms)
				ProcessInitializeOnLoadMethodAttributes (1702ms)
				AfterProcessingInitializeOnLoad (13ms)
				EditorAssembliesLoaded (1ms)
			ExecutionOrderSort2 (0ms)
			AwakeInstancesAfterBackupRestoration (27ms)
Platform modules already initialized, skipping
Refreshing native plugins compatible for Editor in 0.97 ms, found 2 plugins.
Preloading 0 native plugins for Editor in 0.00 ms.
Unloading 1538 Unused Serialized files (Serialized files now loaded: 0)
System memory in use before: 73.3 MB.
System memory in use after: 73.4 MB.

Unloading 16 unused Assets to reduce memory usage. Loaded Objects now: 2069.
Total: 14.386200 ms (FindLiveObjects: 0.719700 ms CreateObjectMapping: 0.145000 ms MarkObjects: 13.008800 ms  DeleteObjects: 0.509400 ms)

AssetImportParameters requested are different than current active one (requested -> active):
  custom:framework-win-MediaFoundation: 216162199b28c13a410421893ffa2e32 -> 
  custom:video-decoder-ogg-theora: a1e56fd34408186e4bbccfd4996cb3dc -> 
  custom:container-muxer-webm: aa71ff27fc2769a1b78a27578f13a17b -> 
  custom:container-demuxer-webm: 4f35f7cbe854078d1ac9338744f61a02 -> 
  custom:container-demuxer-ogg: 62fdf1f143b41e24485cea50d1cbac27 -> 
  custom:video-encoder-webm-vp8: eb34c28f22e8b96e1ab97ce403110664 -> 
  custom:video-decoder-webm-vp8: 9c59270c3fd7afecdb556c50c9e8de78 -> 
  custom:audio-decoder-ogg-vorbis: bf7c407c2cedff20999df2af8eb42d56 -> 
  custom:audio-encoder-webm-vorbis: bf7c407c2cedff20999df2af8eb42d56 -> 
========================================================================
Received Import Request.
  Time since last request: 729.681077 seconds.
  path: Assets/BehaviorBricks/.jpg
  artifactKey: Guid(4d56b5ff140ce4148865942421b6a66f) Importer(815301076,1909f56bfc062723c751e8b465ee728b)
Start importing Assets/BehaviorBricks/.jpg using Guid(4d56b5ff140ce4148865942421b6a66f) Importer(815301076,1909f56bfc062723c751e8b465ee728b)  -> (artifact id: 'f88d222038ed491b03e591b5f6df5bbf') in 0.739228 seconds 
  Import took 0.763887 seconds .

========================================================================
Received Import Request.
  Time since last request: 72.856063 seconds.
  path: Assets/BehaviorBricks/.jpg
  artifactKey: Guid(4d56b5ff140ce4148865942421b6a66f) Importer(815301076,1909f56bfc062723c751e8b465ee728b)
Start importing Assets/BehaviorBricks/.jpg using Guid(4d56b5ff140ce4148865942421b6a66f) Importer(815301076,1909f56bfc062723c751e8b465ee728b)  -> (artifact id: '2c08bd5cab50940a08111c35b3f4b7a8') in 0.337847 seconds 
  Import took 0.363234 seconds .

========================================================================
Received Import Request.
  Time since last request: 13.231598 seconds.
  path: Assets/BehaviorBricks/.jpg
  artifactKey: Guid(4d56b5ff140ce4148865942421b6a66f) Importer(815301076,1909f56bfc062723c751e8b465ee728b)
Start importing Assets/BehaviorBricks/.jpg using Guid(4d56b5ff140ce4148865942421b6a66f) Importer(815301076,1909f56bfc062723c751e8b465ee728b)  -> (artifact id: 'd8c5f48f5728f8574dfefb4456429c65') in 0.026678 seconds 
  Import took 0.090535 seconds .

========================================================================
Received Import Request.
  Time since last request: 47.944358 seconds.
  path: Assets/BehaviorBricks/Editor/Resources/Images/TreeViewController/Action_Icon_small.png
  artifactKey: Guid(dc26844c00bed13449a5d8a549f28bcc) Importer(815301076,1909f56bfc062723c751e8b465ee728b)
Start importing Assets/BehaviorBricks/Editor/Resources/Images/TreeViewController/Action_Icon_small.png using Guid(dc26844c00bed13449a5d8a549f28bcc) Importer(815301076,1909f56bfc062723c751e8b465ee728b)  -> (artifact id: '77bbf319c2fcd2353cb8d911758497a8') in 0.137406 seconds 
  Import took 0.190548 seconds .

========================================================================
Received Import Request.
  Time since last request: 0.000234 seconds.
  path: Assets/BehaviorBricks/Editor/Resources/Backgrounds/Background_64x64_GRID.png
  artifactKey: Guid(4c06a50c07c433541b2e7aee814f66c4) Importer(815301076,1909f56bfc062723c751e8b465ee728b)
Start importing Assets/BehaviorBricks/Editor/Resources/Backgrounds/Background_64x64_GRID.png using Guid(4c06a50c07c433541b2e7aee814f66c4) Importer(815301076,1909f56bfc062723c751e8b465ee728b)  -> (artifact id: 'd58ae10b6a6222f88a0d9b8be8b96744') in 0.122989 seconds 
  Import took 0.127668 seconds .

========================================================================
Received Import Request.
  Time since last request: 0.000280 seconds.
  path: Assets/BehaviorBricks/Editor/Resources/Images/FreeTreeView/behavior_toolBox_main.png
  artifactKey: Guid(4632d710c9a1eab4893106cb75b263b9) Importer(815301076,1909f56bfc062723c751e8b465ee728b)
Start importing Assets/BehaviorBricks/Editor/Resources/Images/FreeTreeView/behavior_toolBox_main.png using Guid(4632d710c9a1eab4893106cb75b263b9) Importer(815301076,1909f56bfc062723c751e8b465ee728b)  -> (artifact id: 'e378f17009d393697db263025bf4abe9') in 0.116212 seconds 
  Import took 0.137488 seconds .

========================================================================
Received Import Request.
  Time since last request: 0.000284 seconds.
  path: Assets/BehaviorBricks/Editor/Resources/Backgrounds/Background_2048x2048.png
  artifactKey: Guid(16a55ff2716c1f241b5ade2985dbdf42) Importer(815301076,1909f56bfc062723c751e8b465ee728b)
Start importing Assets/BehaviorBricks/Editor/Resources/Backgrounds/Background_2048x2048.png using Guid(16a55ff2716c1f241b5ade2985dbdf42) Importer(815301076,1909f56bfc062723c751e8b465ee728b)  -> (artifact id: '83abbc2a9b729f8f87806621482ebbbe') in 0.109145 seconds 
  Import took 0.114080 seconds .

========================================================================
Received Import Request.
  Time since last request: 0.000242 seconds.
  path: Assets/BehaviorBricks/Editor/Resources/Images/BBicon.png
  artifactKey: Guid(5fb48d19fd22e044996fc61ec0081642) Importer(815301076,1909f56bfc062723c751e8b465ee728b)
Start importing Assets/BehaviorBricks/Editor/Resources/Images/BBicon.png using Guid(5fb48d19fd22e044996fc61ec0081642) Importer(815301076,1909f56bfc062723c751e8b465ee728b)  -> (artifact id: '3520c6b10833f44ec9003e976804f941') in 0.111359 seconds 
  Import took 0.115738 seconds .

========================================================================
Received Import Request.
  Time since last request: 0.000242 seconds.
  path: Assets/BehaviorBricks/Editor/Resources/Images/FreeTreeView/action_toolBox_hover.png
  artifactKey: Guid(0683b830ddf5c5f45b6304e2a84abd0e) Importer(815301076,1909f56bfc062723c751e8b465ee728b)
Start importing Assets/BehaviorBricks/Editor/Resources/Images/FreeTreeView/action_toolBox_hover.png using Guid(0683b830ddf5c5f45b6304e2a84abd0e) Importer(815301076,1909f56bfc062723c751e8b465ee728b)  -> (artifact id: '8367e0e24ad1e97262a48c796fad09c1') in 0.100435 seconds 
  Import took 0.104441 seconds .

========================================================================
Received Import Request.
  Time since last request: 0.000486 seconds.
  path: Assets/BehaviorBricks/Editor/Resources/GUI Skins/Editor/Textures/Background_Light.png
  artifactKey: Guid(be9f77aedc5c3bf43a833cb59fbc74a3) Importer(815301076,1909f56bfc062723c751e8b465ee728b)
Start importing Assets/BehaviorBricks/Editor/Resources/GUI Skins/Editor/Textures/Background_Light.png using Guid(be9f77aedc5c3bf43a833cb59fbc74a3) Importer(815301076,1909f56bfc062723c751e8b465ee728b)  -> (artifact id: '5477cd432fd949744876ffc35f6f7ba2') in 0.086808 seconds 
  Import took 0.114629 seconds .

========================================================================
Received Import Request.
  Time since last request: 0.000287 seconds.
  path: Assets/BehaviorBricks/Editor/Resources/Images/FreeTreeView/behavior_toolBox_hover.png
  artifactKey: Guid(53e8f4fb08ac98444930a8623c10e6f9) Importer(815301076,1909f56bfc062723c751e8b465ee728b)
Start importing Assets/BehaviorBricks/Editor/Resources/Images/FreeTreeView/behavior_toolBox_hover.png using Guid(53e8f4fb08ac98444930a8623c10e6f9) Importer(815301076,1909f56bfc062723c751e8b465ee728b)  -> (artifact id: '5d549e530ec5c786d4d5bbabc5032e54') in 0.070884 seconds 
  Import took 0.142667 seconds .

========================================================================
Received Import Request.
  Time since last request: 0.000216 seconds.
  path: Assets/BehaviorBricks/Editor/Resources/Images/FreeTreeView/action_toolBox_main.png
  artifactKey: Guid(11d5f6af5d6d75b4986a2cb28e7cee3f) Importer(815301076,1909f56bfc062723c751e8b465ee728b)
Start importing Assets/BehaviorBricks/Editor/Resources/Images/FreeTreeView/action_toolBox_main.png using Guid(11d5f6af5d6d75b4986a2cb28e7cee3f) Importer(815301076,1909f56bfc062723c751e8b465ee728b)  -> (artifact id: '2cf0d72370b3d8ca23b73466c704648e') in 0.095621 seconds 
  Import took 0.100360 seconds .

========================================================================
Received Import Request.
  Time since last request: 0.000199 seconds.
  path: Assets/BehaviorBricks/Editor/Resources/Backgrounds/BackgroundPrioritySelector.png
  artifactKey: Guid(fd6b095a59cd70340a7e2ef18a0e8f8c) Importer(815301076,1909f56bfc062723c751e8b465ee728b)
Start importing Assets/BehaviorBricks/Editor/Resources/Backgrounds/BackgroundPrioritySelector.png using Guid(fd6b095a59cd70340a7e2ef18a0e8f8c) Importer(815301076,1909f56bfc062723c751e8b465ee728b)  -> (artifact id: 'c20cf0b38bee2de044e01b1e4fe41d76') in 0.031487 seconds 
  Import took 0.055917 seconds .

========================================================================
Received Import Request.
  Time since last request: 4.753197 seconds.
  path: Assets/BehaviorBricks/Editor/Resources/Images/FreeTreeView/behaviourSheet_background.png
  artifactKey: Guid(d09f85c1d97ac1743bff329510dd544c) Importer(815301076,1909f56bfc062723c751e8b465ee728b)
Start importing Assets/BehaviorBricks/Editor/Resources/Images/FreeTreeView/behaviourSheet_background.png using Guid(d09f85c1d97ac1743bff329510dd544c) Importer(815301076,1909f56bfc062723c751e8b465ee728b)  -> (artifact id: 'b5ca80a45e28b01a2325077d0af9ba45') in 0.089414 seconds 
  Import took 0.115105 seconds .

========================================================================
Received Import Request.
  Time since last request: 0.001611 seconds.
  path: Assets/BehaviorBricks/Editor/Resources/GUI Skins/Editor/Textures/behaviourSheet_background.png
  artifactKey: Guid(1cbeac0aa048cb441ad90268daf04bef) Importer(815301076,1909f56bfc062723c751e8b465ee728b)
Start importing Assets/BehaviorBricks/Editor/Resources/GUI Skins/Editor/Textures/behaviourSheet_background.png using Guid(1cbeac0aa048cb441ad90268daf04bef) Importer(815301076,1909f56bfc062723c751e8b465ee728b)  -> (artifact id: '7b0549341c7ab35c1806d19ef9082108') in 0.187855 seconds 
  Import took 0.207933 seconds .

========================================================================
Received Import Request.
  Time since last request: 0.000268 seconds.
  path: Assets/BehaviorBricks/Editor/Resources/Images/FreeTreeView/behaviourSheet_backgroundPRO.png
  artifactKey: Guid(2476f3423787cc04e91e861c5964110a) Importer(815301076,1909f56bfc062723c751e8b465ee728b)
Start importing Assets/BehaviorBricks/Editor/Resources/Images/FreeTreeView/behaviourSheet_backgroundPRO.png using Guid(2476f3423787cc04e91e861c5964110a) Importer(815301076,1909f56bfc062723c751e8b465ee728b)  -> (artifact id: 'cc49d365321755c1615daa38987983c4') in 0.069201 seconds 
  Import took 0.078395 seconds .

========================================================================
Received Import Request.
  Time since last request: 0.000324 seconds.
  path: Assets/BehaviorBricks/Editor/Resources/GUI Skins/Editor/Textures/behaviourSheet_bg_right.png
  artifactKey: Guid(80c95383d4cac784d983ef580eead969) Importer(815301076,1909f56bfc062723c751e8b465ee728b)
Start importing Assets/BehaviorBricks/Editor/Resources/GUI Skins/Editor/Textures/behaviourSheet_bg_right.png using Guid(80c95383d4cac784d983ef580eead969) Importer(815301076,1909f56bfc062723c751e8b465ee728b)  -> (artifact id: '247e63c9d1159f42292c8c159ea1726b') in 0.183779 seconds 
  Import took 0.214909 seconds .

========================================================================
Received Import Request.
  Time since last request: 218.494167 seconds.
  path: Assets/BehaviorBricks/2.jpg
  artifactKey: Guid(1307e5541c8c9aa408684907e6fbc4e5) Importer(815301076,1909f56bfc062723c751e8b465ee728b)
Start importing Assets/BehaviorBricks/2.jpg using Guid(1307e5541c8c9aa408684907e6fbc4e5) Importer(815301076,1909f56bfc062723c751e8b465ee728b)  -> (artifact id: 'bc194e238eac72b8257d914063cbc719') in 0.137236 seconds 
  Import took 0.266278 seconds .

========================================================================
Received Import Request.
  Time since last request: 53.348996 seconds.
  path: Assets/BehaviorBricks/2.jpg
  artifactKey: Guid(1307e5541c8c9aa408684907e6fbc4e5) Importer(815301076,1909f56bfc062723c751e8b465ee728b)
Start importing Assets/BehaviorBricks/2.jpg using Guid(1307e5541c8c9aa408684907e6fbc4e5) Importer(815301076,1909f56bfc062723c751e8b465ee728b)  -> (artifact id: '78f7cf9fcf46971a1eb08890fa58849d') in 0.527142 seconds 
  Import took 0.542997 seconds .

========================================================================
Received Import Request.
  Time since last request: 4.972880 seconds.
  path: Assets/BehaviorBricks/2.jpg
  artifactKey: Guid(1307e5541c8c9aa408684907e6fbc4e5) Importer(815301076,1909f56bfc062723c751e8b465ee728b)
Start importing Assets/BehaviorBricks/2.jpg using Guid(1307e5541c8c9aa408684907e6fbc4e5) Importer(815301076,1909f56bfc062723c751e8b465ee728b)  -> (artifact id: '4fb696df4de50a396708873b9a338d1c') in 0.059365 seconds 
  Import took 0.093770 seconds .

========================================================================
Received Import Request.
  Time since last request: 3.814303 seconds.
  path: Assets/BehaviorBricks/2.jpg
  artifactKey: Guid(1307e5541c8c9aa408684907e6fbc4e5) Importer(815301076,1909f56bfc062723c751e8b465ee728b)
Start importing Assets/BehaviorBricks/2.jpg using Guid(1307e5541c8c9aa408684907e6fbc4e5) Importer(815301076,1909f56bfc062723c751e8b465ee728b)  -> (artifact id: '87947ace789c71e4fca6ffdb86b2281f') in 0.048476 seconds 
  Import took 0.084304 seconds .

========================================================================
Received Import Request.
  Time since last request: 9.943094 seconds.
  path: Assets/BehaviorBricks/2.jpg
  artifactKey: Guid(1307e5541c8c9aa408684907e6fbc4e5) Importer(815301076,1909f56bfc062723c751e8b465ee728b)
Start importing Assets/BehaviorBricks/2.jpg using Guid(1307e5541c8c9aa408684907e6fbc4e5) Importer(815301076,1909f56bfc062723c751e8b465ee728b)  -> (artifact id: '296c4eff9c6c22f2035e6fb45c8ceb79') in 0.027002 seconds 
  Import took 0.034362 seconds .

